<?xml version="1.0" encoding="UTF-8"?>
<!-- Generated by org.testng.reporters.JUnitReportReporter -->
<testsuite skipped="0" hostname="DESKTOP-HQIP3EH" name="tests.NewTest" tests="1" failures="0" timestamp="2019-12-01T10:51:36 IST" time="65.501" errors="0">
  <testcase name="openMyBlog" time="65.501" classname="tests.NewTest"/>
</testsuite> <!-- tests.NewTest -->
